<?xml version="1.0" encoding="UTF-8"?>

<testsuites>
  <testsuite>
    <testcase classname="com.nq.vault.testcases.TestContacts" name="test_01_FirstUseContacts" time="58"/>
    <testcase classname="com.nq.vault.testcases.TestContacts" name="test_02_HideContactsByContacts" time="89"/>
    <testcase classname="com.nq.vault.testcases.TestContacts" name="test_03_HideContactsByCallLogs" time="83"/>
    <testcase classname="com.nq.vault.testcases.TestContacts" name="test_04_HideContactsBySMS" time="82"/>
    <testcase classname="com.nq.vault.testcases.TestContacts" name="test_05_HideContactsInput" time="80"/>
    <testcase classname="com.nq.vault.testcases.TestContacts" name="test_06_EditeContacts" time="73"/>
    <testcase classname="com.nq.vault.testcases.TestContacts" name="test_07_RestoreContacts" time="67"/>
    <testcase classname="com.nq.vault.testcases.TestContacts" name="test_08_DelContacts" time="75"/>
    <testcase classname="com.nq.vault.testcases.TestFaceBook" name="test_01_EnterFaceBook" time="54"/>
    <testcase classname="com.nq.vault.testcases.TestVideos" name="test_01_FirstUseVideos" time="71"/>
    <testcase classname="com.nq.vault.testcases.TestVideos" name="test_02_AddVideos" time="79"/>
    <testcase classname="com.nq.vault.testcases.TestVideos" name="test_03_ClickVideosPlay" time="64"/>
    <testcase classname="com.nq.vault.testcases.TestVideos" name="test_04_VideosDetails" time="66"/>
    <testcase classname="com.nq.vault.testcases.TestVideos" name="test_05_VideosDelete" time="71"/>
    <testcase classname="com.nq.vault.testcases.TestVideos" name="test_06_VideosShare" time="65"/>
    <testcase classname="com.nq.vault.testcases.TestVideos" name="test_07_VideosRestore" time="71"/>
    <testcase classname="com.nq.vault.testcases.TestVideos" name="test_08_RestoreMoreVideos" time="82"/>
    <testcase classname="com.nq.vault.testcases.TestVideos" name="test_09_DeleteMoreVideos" time="91"/>
    <testcase classname="com.nq.vault.testcases.TestVideos" name="test_10_ChangeOrder" time="66"/>
    <testcase classname="com.nq.vault.testcases.TestPhotos" name="test_01_FirstUsePhotos" time="65"/>
    <testcase classname="com.nq.vault.testcases.TestPhotos" name="test_02_AddPhotos" time="94"/>
    <testcase classname="com.nq.vault.testcases.TestPhotos" name="test_03_ClickSmallPhotos" time="61"/>
    <testcase classname="com.nq.vault.testcases.TestPhotos" name="test_04_PhotosDetails" time="66"/>
    <testcase classname="com.nq.vault.testcases.TestPhotos" name="test_05_PhotosDelete" time="71"/>
    <testcase classname="com.nq.vault.testcases.TestPhotos" name="test_06_SharePhotos" time="66"/>
    <testcase classname="com.nq.vault.testcases.TestPhotos" name="test_07_RestorePhotos" time="68"/>
    <testcase classname="com.nq.vault.testcases.TestPhotos" name="test_08_RestoreMorePhotos" time="81"/>
    <testcase classname="com.nq.vault.testcases.TestPhotos" name="test_09_DeleteMorePhotos" time="81"/>
    <testcase classname="com.nq.vault.testcases.TestPhotos" name="test_10_ClickPhotoPlayer">
      <failure message="FATAL EXCEPTION: main" type="">FATAL EXCEPTION: main
java.lang.IllegalArgumentException: View not attached to window manager
	at android.view.WindowManagerImpl.findViewLocked(WindowManagerImpl.java:355)
	at android.view.WindowManagerImpl.removeView(WindowManagerImpl.java:200)
	at android.view.Window$LocalWindowManager.removeView(Window.java:432)
	at android.app.Dialog.dismissDialog(Dialog.java:278)
	at android.app.Dialog.access$000(Dialog.java:71)
	at android.app.Dialog$1.run(Dialog.java:111)
	at android.app.Dialog.dismiss(Dialog.java:268)
	at android.app.Dialog.cancel(Dialog.java:951)
	at com.netqin.ps.privacy.PrivacyImages.a(Unknown Source)
	at com.netqin.ps.privacy.oy.run(Unknown Source)
	at android.os.Handler.handleCallback(Handler.java:587)
	at android.os.Handler.dispatchMessage(Handler.java:92)
	at android.os.Looper.loop(Looper.java:123)
	at android.app.ActivityThread.main(ActivityThread.java:3683)
	at java.lang.reflect.Method.invokeNative(Native Method)
	at java.lang.reflect.Method.invoke(Method.java:507)
	at com.android.internal.os.ZygoteInit$MethodAndArgsCaller.run(ZygoteInit.java:839)
	at com.android.internal.os.ZygoteInit.main(ZygoteInit.java:597)
	at dalvik.system.NativeStart.main(Native Method)
Error in app com.netqin.ps running instrumentation ComponentInfo{com.nq.vault.testcases/android.test.InstrumentationTestRunner}:
  Force finishing activity HistoryRecord{4092add0 com.netqin.ps/.privacy.GalleryScrollActivity}
</failure>    </testcase>    <testcase classname="com.nq.vault.testcases.TestPhotos" name="test_11_ClickPhotoRotate" time="70"/>    <testcase classname="com.nq.vault.testcases.TestPhotos" name="test_12_ChangeOrder" time="72"/>    <testcase classname="com.nq.vault.testcases.TestBreakInAttempts" name="test_01_BreakInAttempts" time="53"/>    <testcase classname="com.nq.vault.testcases.TestBreakInAttempts" name="test_02_TryItOut">      <failure message="TryItout BreakInAttempts is fail" type="junit.framework.AssertionFailedError">TryItout BreakInAttempts is fail
	at junit.framework.Assert.fail(Assert.java:47)
	at junit.framework.Assert.assertTrue(Assert.java:20)
	at com.nq.vault.testcases.TestBreakInAttempts.test_02_TryItOut(TestBreakInAttempts.java:82)
	at java.lang.reflect.Method.invokeNative(Native Method)
	at java.lang.reflect.Method.invoke(Method.java:507)
	at android.test.InstrumentationTestCase.runMethod(InstrumentationTestCase.java:204)
	at android.test.InstrumentationTestCase.runTest(InstrumentationTestCase.java:194)
	at android.test.ActivityInstrumentationTestCase2.runTest(ActivityInstrumentationTestCase2.java:186)
	at junit.framework.TestCase.runBare(TestCase.java:127)
	at junit.framework.TestResult$1.protect(TestResult.java:106)
	at junit.framework.TestResult.runProtected(TestResult.java:124)
	at junit.framework.TestResult.run(TestResult.java:109)
	at junit.framework.TestCase.run(TestCase.java:118)
	at android.test.AndroidTestRunner.runTest(AndroidTestRunner.java:169)
	at android.test.AndroidTestRunner.runTest(AndroidTestRunner.java:154)
	at android.test.InstrumentationTestRunner.onStart(InstrumentationTestRunner.java:529)
	at android.app.Instrumentation$InstrumentationThread.run(Instrumentation.java:1448)
</failure>    </testcase>    <testcase classname="com.nq.vault.testcases.TestBreakInAttempts" name="test_03_TurnOnBreInAtt" time="136"/>    <testcase classname="com.nq.vault.testcases.TestBreakInAttempts" name="test_04_BreakInOnLogin" time="37"/>    <testcase classname="com.nq.vault.testcases.TestBreakInAttempts" name="test_05_ViewRecordBreakIn" time="64"/>    <testcase classname="com.nq.vault.testcases.TestBreakInAttempts" name="test_06_DelRecordBreakIn" time="61"/>    <testcase classname="com.nq.vault.testcases.TestBreakInAttempts" name="test_07_TurnOffBreInAtt" time="56"/>    <testcase classname="com.nq.vault.testcases.TestBreakInAttempts" name="test_08_ExpiredUse" time="124"/>    <testcase classname="com.nq.vault.testcases.TestAppLock" name="test_01_AppLockNoAPP" time="49"/>    <testcase classname="com.nq.vault.testcases.TestAppLock" name="test_02_FirstAdd_AppAdd" time="117"/>    <testcase classname="com.nq.vault.testcases.TestAppLock" name="test_03_AppLockHaveApp" time="54"/>    <testcase classname="com.nq.vault.testcases.TestAppLock" name="test_04_AppRmove" time="73"/>    <testcase classname="com.nq.vault.testcases.TestAppLock" name="test_05_SecendAppAdd" time="99"/>    <testcase classname="com.nq.vault.testcases.TestAppLock" name="test_06_LongPressRmove" time="62"/>    <testcase classname="com.nq.vault.testcases.TestAppLock" name="test_07_LongPressChangeLockMode" time="58"/>    <testcase classname="com.nq.vault.testcases.TestAppLock" name="test_08_ClickIconNoSelected" time="69"/>    <testcase classname="com.nq.vault.testcases.TestAppLock" name="test_09_NoAppClickNext" time="73"/>    <testcase classname="com.nq.vault.testcases.TestAppLock" name="test_10_SortNewAppInList" time="80"/>    <testcase classname="com.nq.vault.testcases.TestAppLock" name="test_11_AppAddOverFive" time="74"/>    <testcase classname="com.nq.vault.testcases.TestAppLock" name="test_12_UpgradePremiumMode" time="96"/>    <testcase classname="com.nq.vault.testcases.TestAppLock" name="test_13_AppAddChangeLockMode" time="123"/>    <testcase classname="com.nq.vault.testcases.TestAppLock" name="test_14_ShortPressInList" time="52"/>    <testcase classname="com.nq.vault.testcases.TestAppLock" name="test_15_ShortPressChangeLockMode" time="60"/>    <testcase classname="com.nq.vault.testcases.TestAppLock" name="test_16_UpgradePremium" time="73"/>    <testcase classname="com.nq.vault.testcases.TestAppLock" name="test_17_PremiumMode" time="61"/>    <testcase classname="com.nq.vault.testcases.TestAppLock" name="test_18_PremiumBaseMode" time="61"/>    <testcase classname="com.nq.vault.testcases.TestAppLock" name="test_19_CancelPremium" time="110"/>    <testcase classname="com.nq.vault.testcases.TestAppLock" name="test_20_AppAddChangeLockMode" time="68"/>    <testcase classname="com.nq.vault.testcases.TestAppLock" name="test_21_VaultProtector" time="69"/>    <testcase classname="com.nq.vault.testcases.TestMessages" name="test_01_FirstUseMessages" time="55"/>    <testcase classname="com.nq.vault.testcases.TestMessages" name="test_02_HideMessageByContacts" time="71"/>    <testcase classname="com.nq.vault.testcases.TestMessages" name="test_03_HideMessageByCallLogs" time="70"/>    <testcase classname="com.nq.vault.testcases.TestMessages" name="test_04_HideMessageBySMS" time="75"/>    <testcase classname="com.nq.vault.testcases.TestMessages" name="test_05_HideMessageInput" time="81"/>    <testcase classname="com.nq.vault.testcases.TestMessages" name="test_06_LongPressAddContacts" time="57"/>    <testcase classname="com.nq.vault.testcases.TestMessages" name="test_07_LongPressDelContacts" time="60"/>    <testcase classname="com.nq.vault.testcases.TestMessages" name="test_08_LongPressDelRecords" time="65"/>    <testcase classname="com.nq.vault.testcases.TestMessages" name="test_09_HideSmsOnly" time="67"/>    <testcase classname="com.nq.vault.testcases.TestMessages" name="test_10_UpgradePremium" time="94"/>    <testcase classname="com.nq.vault.testcases.TestMessages" name="test_11_CancelPremium" time="111"/>    <testcase classname="com.nq.vault.testcases.TestVaultOnline" name="test_01_EnterVaultOnline" time="54"/>    <testcase classname="com.nq.vault.testcases.TestVaultSetting" name="test_01_VaultOnlineSetting" time="58"/>    <testcase classname="com.nq.vault.testcases.TestVaultSetting" name="test_02_CreateNewVault">      <failure message="Click can not be completed!" type="junit.framework.AssertionFailedError">Click can not be completed!
	at junit.framework.Assert.fail(Assert.java:47)
	at junit.framework.Assert.assertTrue(Assert.java:20)
	at com.jayway.android.robotium.solo.Clicker.clickOnScreen(Clicker.java:99)
	at com.jayway.android.robotium.solo.Clicker.clickOnScreen(Clicker.java:182)
	at com.jayway.android.robotium.solo.Clicker.clickOnScreen(Clicker.java:156)
	at com.jayway.android.robotium.solo.Solo.clickOnView(Solo.java:974)
	at com.nq.vault.testutil.NQTest.clickViewById(NQTest.java:53)
	at com.nq.vault.testcases.TestVaultSetting.test_02_CreateNewVault(TestVaultSetting.java:48)
	at java.lang.reflect.Method.invokeNative(Native Method)
	at java.lang.reflect.Method.invoke(Method.java:507)
	at android.test.InstrumentationTestCase.runMethod(InstrumentationTestCase.java:204)
	at android.test.InstrumentationTestCase.runTest(InstrumentationTestCase.java:194)
	at android.test.ActivityInstrumentationTestCase2.runTest(ActivityInstrumentationTestCase2.java:186)
	at junit.framework.TestCase.runBare(TestCase.java:127)
	at junit.framework.TestResult$1.protect(TestResult.java:106)
	at junit.framework.TestResult.runProtected(TestResult.java:124)
	at junit.framework.TestResult.run(TestResult.java:109)
	at junit.framework.TestCase.run(TestCase.java:118)
	at android.test.AndroidTestRunner.runTest(AndroidTestRunner.java:169)
	at android.test.AndroidTestRunner.runTest(AndroidTestRunner.java:154)
	at android.test.InstrumentationTestRunner.onStart(InstrumentationTestRunner.java:529)
	at android.app.Instrumentation$InstrumentationThread.run(Instrumentation.java:1448)
finished: test_02_CreateNewVault(com.nq.vault.testcases.TestVaultSetting)
</failure>    </testcase>    <testcase classname="com.nq.vault.testcases.TestVaultSetting" name="test_03_BreakInAlerts" time="62"/>    <testcase classname="com.nq.vault.testcases.TestVaultSetting" name="test_04_StealthMode" time="75"/>    <testcase classname="com.nq.vault.testcases.TestVaultSetting" name="test_05_unsubscribePremium" time="113"/>  </testsuite></testsuites>